[0m11:36:12.905458 [debug] [MainThread]: Sending event: {'category': 'dbt', 'action': 'invocation', 'label': 'start', 'context': [<snowplow_tracker.self_describing_json.SelfDescribingJson object at 0x00000225B2F32DB0>, <snowplow_tracker.self_describing_json.SelfDescribingJson object at 0x00000225B58A55E0>, <snowplow_tracker.self_describing_json.SelfDescribingJson object at 0x00000225B54EED80>]}


============================== 11:36:12.915179 | 4694b809-17b0-4972-a183-8b3c513d0d70 ==============================
[0m11:36:12.915179 [info ] [MainThread]: Running with dbt=1.11.4
[0m11:36:12.917699 [debug] [MainThread]: running dbt with arguments {'version_check': 'True', 'no_print': 'None', 'static_parser': 'True', 'warn_error_options': 'WarnErrorOptionsV2(error=[], warn=[], silence=[])', 'target_path': 'None', 'printer_width': '80', 'write_json': 'True', 'empty': 'None', 'log_cache_events': 'False', 'introspect': 'True', 'cache_selected_only': 'False', 'log_format': 'default', 'debug': 'False', 'fail_fast': 'False', 'profiles_dir': 'C:\\Users\\thomas\\.dbt', 'send_anonymous_usage_stats': 'True', 'quiet': 'False', 'warn_error': 'None', 'partial_parse': 'True', 'use_colors': 'True', 'indirect_selection': 'eager', 'invocation_command': 'dbt init market_pipeline', 'use_experimental_parser': 'False', 'log_path': 'logs'}
[0m11:36:13.025231 [debug] [MainThread]: Starter project path: C:\Users\thomas\AppData\Roaming\Python\Python312\site-packages\dbt\include\starter_project
[0m11:36:13.119431 [info ] [MainThread]: 
Your new dbt project "market_pipeline" was created!

For more information on how to configure the profiles.yml file,
please consult the dbt documentation here:

  https://docs.getdbt.com/docs/configure-your-profile

One more thing:

Need help? Don't hesitate to reach out to us via GitHub issues or on Slack:

  https://community.getdbt.com/

Happy modeling!

[0m11:36:13.122329 [info ] [MainThread]: Setting up your profile.
[0m11:36:23.907941 [debug] [MainThread]: Spark adapter: Setting pyhive.hive logging to ERROR
[0m11:36:23.908941 [debug] [MainThread]: Spark adapter: Setting thrift.transport logging to ERROR
[0m11:36:23.909941 [debug] [MainThread]: Spark adapter: Setting thrift.protocol logging to ERROR
[0m11:47:56.694081 [error] [MainThread]: Encountered an error:

[0m11:47:56.785922 [error] [MainThread]: Traceback (most recent call last):
  File "C:\Users\thomas\AppData\Roaming\Python\Python312\site-packages\dbt\cli\requires.py", line 182, in wrapper
    result, success = func(*args, **kwargs)
                      ^^^^^^^^^^^^^^^^^^^^^
  File "C:\Users\thomas\AppData\Roaming\Python\Python312\site-packages\dbt\cli\requires.py", line 128, in wrapper
    return func(*args, **kwargs)
           ^^^^^^^^^^^^^^^^^^^^^
  File "C:\Users\thomas\AppData\Roaming\Python\Python312\site-packages\dbt\cli\main.py", line 483, in init
    results = task.run()
              ^^^^^^^^^^
  File "C:\Users\thomas\AppData\Roaming\Python\Python312\site-packages\dbt\task\init.py", line 346, in run
    self.setup_profile(profile_name)
  File "C:\Users\thomas\AppData\Roaming\Python\Python312\site-packages\dbt\task\init.py", line 262, in setup_profile
    self.create_profile_from_target(adapter, profile_name=profile_name)
  File "C:\Users\thomas\AppData\Roaming\Python\Python312\site-packages\dbt\task\init.py", line 179, in create_profile_from_target
    self.create_profile_from_profile_template(profile_template, profile_name)
  File "C:\Users\thomas\AppData\Roaming\Python\Python312\site-packages\dbt\task\init.py", line 163, in create_profile_from_profile_template
    target = self.generate_target_from_input(prompts, initial_target)
             ^^^^^^^^^^^^^^^^^^^^^^^^^^^^^^^^^^^^^^^^^^^^^^^^^^^^^^^^
  File "C:\Users\thomas\AppData\Roaming\Python\Python312\site-packages\dbt\task\init.py", line 113, in generate_target_from_input
    numeric_choice = click.prompt(prompt_msg, type=click.INT)
                     ^^^^^^^^^^^^^^^^^^^^^^^^^^^^^^^^^^^^^^^^
  File "C:\Users\thomas\AppData\Roaming\Python\Python312\site-packages\click\termui.py", line 171, in prompt
    value = prompt_func(prompt)
            ^^^^^^^^^^^^^^^^^^^
  File "C:\Users\thomas\AppData\Roaming\Python\Python312\site-packages\click\termui.py", line 154, in prompt_func
    raise Abort() from None
click.exceptions.Abort

[0m11:47:56.788451 [debug] [MainThread]: Command `dbt init` failed at 11:47:56.788451 after 704.48 seconds
[0m11:47:56.789444 [debug] [MainThread]: Sending event: {'category': 'dbt', 'action': 'invocation', 'label': 'end', 'context': [<snowplow_tracker.self_describing_json.SelfDescribingJson object at 0x00000225B63E6CF0>, <snowplow_tracker.self_describing_json.SelfDescribingJson object at 0x00000225C8F64C80>, <snowplow_tracker.self_describing_json.SelfDescribingJson object at 0x00000225C93234A0>]}
[0m11:47:56.790444 [debug] [MainThread]: Flushing usage events
